[2025-01-13 16:20:16,712] INFO Kafka Connect stopping (org.apache.kafka.connect.runtime.Connect:87)
[2025-01-13 16:20:16,713] INFO Stopping REST server (org.apache.kafka.connect.runtime.rest.RestServer:358)
[2025-01-13 16:20:16,721] INFO Stopped http_8083@4aa4bfa1{HTTP/1.1, (http/1.1)}{0.0.0.0:8083} (org.eclipse.jetty.server.AbstractConnector:383)
[2025-01-13 16:20:16,721] INFO node0 Stopped scavenging (org.eclipse.jetty.server.session:149)
[2025-01-13 16:20:16,726] INFO Stopped o.e.j.s.ServletContextHandler@202ed88d{/,null,STOPPED} (org.eclipse.jetty.server.handler.ContextHandler:1159)
[2025-01-13 16:20:16,727] INFO REST server stopped (org.apache.kafka.connect.runtime.rest.RestServer:387)
[2025-01-13 16:20:16,727] INFO Herder stopping (org.apache.kafka.connect.runtime.standalone.StandaloneHerder:119)
[2025-01-13 16:20:16,727] INFO [questdb-sink|task-0] Stopping task questdb-sink-0 (org.apache.kafka.connect.runtime.Worker:1048)
[2025-01-13 16:20:16,730] INFO [questdb-sink|task-0] [Consumer clientId=connector-consumer-questdb-sink-0, groupId=connect-questdb-sink] Revoke previously assigned partitions ohlcv-0 (org.apache.kafka.clients.consumer.internals.ConsumerRebalanceListenerInvoker:80)
[2025-01-13 16:20:16,731] INFO [questdb-sink|task-0] [Consumer clientId=connector-consumer-questdb-sink-0, groupId=connect-questdb-sink] Member connector-consumer-questdb-sink-0-23a13ab7-8311-4e11-a162-08ea947671b8 sending LeaveGroup request to coordinator localhost:19092 (id: 2147483647 rack: null) due to the consumer is being closed (org.apache.kafka.clients.consumer.internals.ConsumerCoordinator:1174)
[2025-01-13 16:20:16,733] INFO [questdb-sink|task-0] [Consumer clientId=connector-consumer-questdb-sink-0, groupId=connect-questdb-sink] Resetting generation and member id due to: consumer pro-actively leaving the group (org.apache.kafka.clients.consumer.internals.ConsumerCoordinator:1056)
[2025-01-13 16:20:16,733] INFO [questdb-sink|task-0] [Consumer clientId=connector-consumer-questdb-sink-0, groupId=connect-questdb-sink] Request joining group due to: consumer pro-actively leaving the group (org.apache.kafka.clients.consumer.internals.ConsumerCoordinator:1103)
[2025-01-13 16:20:17,229] INFO [questdb-sink|task-0] Metrics scheduler closed (org.apache.kafka.common.metrics.Metrics:685)
[2025-01-13 16:20:17,229] INFO [questdb-sink|task-0] Closing reporter org.apache.kafka.common.metrics.JmxReporter (org.apache.kafka.common.metrics.Metrics:689)
[2025-01-13 16:20:17,229] INFO [questdb-sink|task-0] Closing reporter org.apache.kafka.common.telemetry.internals.ClientTelemetryReporter (org.apache.kafka.common.metrics.Metrics:689)
[2025-01-13 16:20:17,229] INFO [questdb-sink|task-0] Metrics reporters closed (org.apache.kafka.common.metrics.Metrics:695)
[2025-01-13 16:20:17,236] INFO [questdb-sink|task-0] App info kafka.consumer for connector-consumer-questdb-sink-0 unregistered (org.apache.kafka.common.utils.AppInfoParser:89)
[2025-01-13 16:20:17,241] INFO [questdb-sink|worker] Stopping connector questdb-sink (org.apache.kafka.connect.runtime.Worker:452)
[2025-01-13 16:20:17,242] INFO [questdb-sink|worker] Scheduled shutdown for WorkerConnector{id=questdb-sink} (org.apache.kafka.connect.runtime.WorkerConnector:295)
[2025-01-13 16:20:17,242] INFO [questdb-sink|worker] Completed shutdown for WorkerConnector{id=questdb-sink} (org.apache.kafka.connect.runtime.WorkerConnector:315)
[2025-01-13 16:20:17,244] INFO Worker stopping (org.apache.kafka.connect.runtime.Worker:250)
[2025-01-13 16:20:17,245] INFO Stopped FileOffsetBackingStore (org.apache.kafka.connect.storage.FileOffsetBackingStore:72)
[2025-01-13 16:20:17,245] INFO Metrics scheduler closed (org.apache.kafka.common.metrics.Metrics:685)
[2025-01-13 16:20:17,245] INFO Closing reporter org.apache.kafka.common.metrics.JmxReporter (org.apache.kafka.common.metrics.Metrics:689)
[2025-01-13 16:20:17,245] INFO Metrics reporters closed (org.apache.kafka.common.metrics.Metrics:695)
[2025-01-13 16:20:17,245] INFO App info kafka.connect for 10.2.0.2:8083 unregistered (org.apache.kafka.common.utils.AppInfoParser:89)
[2025-01-13 16:20:17,246] INFO Worker stopped (org.apache.kafka.connect.runtime.Worker:271)
[2025-01-13 16:20:17,247] INFO Herder stopped (org.apache.kafka.connect.runtime.standalone.StandaloneHerder:130)
[2025-01-13 16:20:17,247] INFO Kafka Connect stopped (org.apache.kafka.connect.runtime.Connect:92)
